<?xml version="1.0" encoding="UTF-8"?>
<testsuite name="boxdev.ai.AppTest" tests="1" skipped="0" failures="0" errors="0" timestamp="2023-07-13T21:03:30" hostname="mbp-012909" time="0.134">
  <properties/>
  <testcase name="application has a greeting" classname="boxdev.ai.AppTest" time="0.134"/>
  <system-out><![CDATA[]]></system-out>
  <system-err><![CDATA[]]></system-err>
</testsuite>
